<?xml version="1.0" encoding="UTF-8"?>
<!-- Generated by org.testng.reporters.JUnitReportReporter -->
<testsuite hostname="de-adn-25blm32" failures="0" tests="1" name="webElement.NewTest" time="0.830" errors="0" timestamp="2020-11-16T11:24:49 MEZ" skipped="0">
  <testcase classname="webElement.NewTest" name="selectClass" time="0.830"/>
  <system-out/>
</testsuite> <!-- webElement.NewTest -->
