<?xml version="1.0" encoding="UTF-8"?>
<!-- Generated by org.testng.reporters.JUnitReportReporter -->
<testsuite skipped="0" hostname="de-adn-25blm32" name="webElement.TestSelectLanguage" tests="1" failures="0" timestamp="2020-09-07T13:39:07 MESZ" time="4.905" errors="0">
  <testcase name="testselectlang" time="4.905" classname="webElement.TestSelectLanguage"/>
  <system-out/>
</testsuite> <!-- webElement.TestSelectLanguage -->
