<?xml version="1.0" encoding="UTF-8"?>
<!-- Generated by org.testng.reporters.JUnitReportReporter -->
<testsuite skipped="0" hostname="de-adn-25blm32" name="webElement.TestRadioButtons" tests="1" failures="0" timestamp="2020-09-07T11:49:56 MESZ" time="0.152" errors="0">
  <testcase name="testRadioButtons" time="0.152" classname="webElement.TestRadioButtons"/>
  <system-out/>
</testsuite> <!-- webElement.TestRadioButtons -->
